Rendering to 1024x1024 image
Loaded data for 100000 circles from snow.par
Loaded scene with 100000 circles
Loaded data for 100000 circles from snow.par
Loaded scene with 100000 circles
---------------------------------------------------------
Initializing CUDA for CudaRenderer
Found 1 CUDA devices
Device 0: NVIDIA GeForce GTX 1050
   SMs:        5
   Global mem: 2000 MB
   CUDA Cap:   6.1
---------------------------------------------------------

Running benchmark, 1 frames, beginning at frame 0 ...
Dumping frames to output_xxx.ppm
Copying image data from device
Wrote image file output_0000.ppm
Copying image data from device
Mismatch detected at pixel [605][366], value = 0.617282, expected 0.719049 for color Red
Mismatch detected at pixel [605][366], value = 0.629602, expected 0.730071 for color Green
Mismatch detected at pixel [754][150], value = 0.608249, expected 0.720416 for color Red
Mismatch detected at pixel [754][150], value = 0.633880, expected 0.741818 for color Green
Mismatch detected at pixel [754][150], value = 0.671940, expected 0.773988 for color Blue
***************** Correctness check passed **************************
Clear:    0.1781 ms
Advance:  0.0006 ms
Render:   17.2082 ms
Total:    17.3869 ms
File IO:  49.3940 ms

Overall:  0.2894 sec (note units are seconds)
