Rendering to 1024x1024 image
Loaded scene with 25 circles
Loaded scene with 25 circles
---------------------------------------------------------
Initializing CUDA for CudaRenderer
Found 1 CUDA devices
Device 0: NVIDIA GeForce GTX 1050
   SMs:        5
   Global mem: 2000 MB
   CUDA Cap:   6.1
---------------------------------------------------------

Running benchmark, 1 frames, beginning at frame 0 ...
Dumping frames to output_xxx.ppm
Copying image data from device
Wrote image file output_0000.ppm
Copying image data from device
Mismatch detected at pixel [417][19], value = 0.965918, expected 0.848819 for color Green
Mismatch detected at pixel [417][19], value = 0.965405, expected 0.725225 for color Blue
Mismatch detected at pixel [417][20], value = 0.965918, expected 0.848819 for color Green
Mismatch detected at pixel [417][20], value = 0.965405, expected 0.725225 for color Blue
Mismatch detected at pixel [417][21], value = 0.965918, expected 0.848819 for color Green
Mismatch detected at pixel [417][21], value = 0.965405, expected 0.725225 for color Blue
ERROR : Mismatch detected between reference and actual
