Rendering to 1024x1024 image
Loaded scene with 10 circles
Loaded scene with 10 circles
---------------------------------------------------------
Initializing CUDA for CudaRenderer
Found 1 CUDA devices
Device 0: NVIDIA GeForce GTX 1050
   SMs:        5
   Global mem: 2000 MB
   CUDA Cap:   6.1
---------------------------------------------------------

Running benchmark, 1 frames, beginning at frame 0 ...
Dumping frames to output_xxx.ppm
Copying image data from device
Wrote image file output_0000.ppm
Copying image data from device
***************** Correctness check passed **************************
Clear:    0.2117 ms
Advance:  0.0070 ms
Render:   0.4144 ms
Total:    0.6331 ms
File IO:  47.8498 ms

Overall:  0.0582 sec (note units are seconds)
