Rendering to 1024x1024 image
Loaded scene with 10000 circles
Loaded scene with 10000 circles
---------------------------------------------------------
Initializing CUDA for CudaRenderer
Found 1 CUDA devices
Device 0: NVIDIA GeForce GTX 1050
   SMs:        5
   Global mem: 2000 MB
   CUDA Cap:   6.1
---------------------------------------------------------

Running benchmark, 1 frames, beginning at frame 0 ...
Dumping frames to output_xxx.ppm
Copying image data from device
Wrote image file output_0000.ppm
Copying image data from device
Mismatch detected at pixel [0][0], value = 0.802170, expected 0.691850 for color Blue
Mismatch detected at pixel [0][1], value = 0.802170, expected 0.691850 for color Blue
Mismatch detected at pixel [0][2], value = 0.802170, expected 0.691850 for color Blue
Mismatch detected at pixel [0][3], value = 0.802170, expected 0.695965 for color Blue
Mismatch detected at pixel [0][4], value = 0.802170, expected 0.695965 for color Blue
Mismatch detected at pixel [0][5], value = 0.802170, expected 0.695965 for color Blue
ERROR : Mismatch detected between reference and actual
