Rendering to 1024x1024 image
Loaded scene with 100000 circles
Loaded scene with 100000 circles
---------------------------------------------------------
Initializing CUDA for CudaRenderer
Found 1 CUDA devices
Device 0: NVIDIA GeForce GTX 1050
   SMs:        5
   Global mem: 2000 MB
   CUDA Cap:   6.1
---------------------------------------------------------

Running benchmark, 1 frames, beginning at frame 0 ...
Dumping frames to output_xxx.ppm
Copying image data from device
Wrote image file output_0000.ppm
Copying image data from device
***************** Correctness check passed **************************
Clear:    0.1797 ms
Advance:  0.1337 ms
Render:   2.8968 ms
Total:    3.2101 ms
File IO:  47.9229 ms

Overall:  0.0626 sec (note units are seconds)
